<?xml version="1.0" encoding="UTF-8"?>
<!-- Generated by org.testng.reporters.JUnitXMLReporter -->
<testsuite hostname="LAB10PF0X5ZFF" ignored="0" name="Test" tests="3" failures="0" timestamp="29 May 2018 09:14:24 GMT" time="11.124" errors="0">
  <testcase name="individual" time="4.152" classname="eobf.Application">
    <skipped/>
  </testcase> <!-- individual -->
  <testcase name="soleTraderFarmer" time="0.001" classname="eobf.Application">
    <skipped/>
  </testcase> <!-- soleTraderFarmer -->
  <testcase name="soleTraderSoleProprietor" time="0.001" classname="eobf.Application">
    <skipped/>
  </testcase> <!-- soleTraderSoleProprietor -->
</testsuite> <!-- Test -->
